<?xml version="1.0" encoding="UTF-8"?>
<testsuite name="luis.almendros.ecomers.application.service.CartUpdateServiceImplTest" tests="1" skipped="0" failures="1" errors="0" timestamp="2025-04-13T19:09:09.634Z" hostname="PCERA_LUIS" time="0.53">
  <properties/>
  <testcase name="update()" classname="luis.almendros.ecomers.application.service.CartUpdateServiceImplTest" time="0.53">
    <failure message="org.opentest4j.AssertionFailedError: expected: &lt;true&gt; but was: &lt;false&gt;" type="org.opentest4j.AssertionFailedError">org.opentest4j.AssertionFailedError: expected: &lt;true&gt; but was: &lt;false&gt;
	at app//org.junit.jupiter.api.AssertionFailureBuilder.build(AssertionFailureBuilder.java:151)
	at app//org.junit.jupiter.api.AssertionFailureBuilder.buildAndThrow(AssertionFailureBuilder.java:132)
	at app//org.junit.jupiter.api.AssertEquals.failNotEqual(AssertEquals.java:197)
	at app//org.junit.jupiter.api.AssertEquals.assertEquals(AssertEquals.java:182)
	at app//org.junit.jupiter.api.AssertEquals.assertEquals(AssertEquals.java:177)
	at app//org.junit.jupiter.api.Assertions.assertEquals(Assertions.java:1145)
	at app//luis.almendros.ecomers.application.service.CartUpdateServiceImplTest.update(CartUpdateServiceImplTest.java:41)
	at java.base@21.0.4/java.lang.reflect.Method.invoke(Method.java:580)
	at java.base@21.0.4/java.util.ArrayList.forEach(ArrayList.java:1596)
	at java.base@21.0.4/java.util.ArrayList.forEach(ArrayList.java:1596)
</failure>
  </testcase>
  <system-out><![CDATA[21:09:08.139 [Test worker] INFO org.springframework.test.context.support.AnnotationConfigContextLoaderUtils -- Could not detect default configuration classes for test class [luis.almendros.ecomers.application.service.CartUpdateServiceImplTest]: CartUpdateServiceImplTest does not declare any static, non-private, non-final, nested classes annotated with @Configuration.
21:09:08.253 [Test worker] INFO org.springframework.boot.test.context.SpringBootTestContextBootstrapper -- Found @SpringBootConfiguration luis.almendros.ecomers.EcomersApplication for test class luis.almendros.ecomers.application.service.CartUpdateServiceImplTest

  .   ____          _            __ _ _
 /\\ / ___'_ __ _ _(_)_ __  __ _ \ \ \ \
( ( )\___ | '_ | '_| | '_ \/ _` | \ \ \ \
 \\/  ___)| |_)| | | | | || (_| |  ) ) ) )
  '  |____| .__|_| |_|_| |_\__, | / / / /
 =========|_|==============|___/=/_/_/_/

 :: Spring Boot ::                (v3.4.4)

2025-04-13T21:09:08.596+02:00  INFO 14452 --- [ecomers] [    Test worker] l.a.e.a.s.CartUpdateServiceImplTest      : Starting CartUpdateServiceImplTest using Java 21.0.4 with PID 14452 (started by Luis in C:\Users\Luis\Documents\Java)
2025-04-13T21:09:08.597+02:00  INFO 14452 --- [ecomers] [    Test worker] l.a.e.a.s.CartUpdateServiceImplTest      : No active profile set, falling back to 1 default profile: "default"
2025-04-13T21:09:09.617+02:00  INFO 14452 --- [ecomers] [    Test worker] l.a.e.a.s.CartUpdateServiceImplTest      : Started CartUpdateServiceImplTest in 1.223 seconds (process running for 2.163)
]]></system-out>
  <system-err><![CDATA[Mockito is currently self-attaching to enable the inline-mock-maker. This will no longer work in future releases of the JDK. Please add Mockito as an agent to your build what is described in Mockito's documentation: https://javadoc.io/doc/org.mockito/mockito-core/latest/org/mockito/Mockito.html#0.3
WARNING: A Java agent has been loaded dynamically (C:\Users\Luis\.gradle\caches\modules-2\files-2.1\net.bytebuddy\byte-buddy-agent\1.15.11\a38b16385e867f59a641330f0362ebe742788ed8\byte-buddy-agent-1.15.11.jar)
WARNING: If a serviceability tool is in use, please run with -XX:+EnableDynamicAgentLoading to hide this warning
WARNING: If a serviceability tool is not in use, please run with -Djdk.instrument.traceUsage for more information
WARNING: Dynamic loading of agents will be disallowed by default in a future release
]]></system-err>
</testsuite>
